# JRE version: Java(TM) SE Runtime Environment (8.0_20-b26) (build 1.8.0_20-b26)
# Java VM: Java HotSpot(TM) 64-Bit Server VM (25.20-b23 mixed mode windows-amd64 compressed oops)
Heap:
 PSYoungGen      total 232960K, used 71804K [0x00000000eab00000, 0x0000000100000000, 0x0000000100000000)
  eden space 116736K, 29% used [0x00000000eab00000,0x00000000ecc30e40,0x00000000f1d00000)
  from space 116224K, 32% used [0x00000000f8e80000,0x00000000fb36e2b8,0x0000000100000000)
  to   space 116224K, 0% used [0x00000000f1d00000,0x00000000f1d00000,0x00000000f8e80000)
 ParOldGen       total 379392K, used 221289K [0x00000000c0000000, 0x00000000d7280000, 0x00000000eab00000)
  object space 379392K, 58% used [0x00000000c0000000,0x00000000cd81a410,0x00000000d7280000)
 Metaspace       used 6405K, capacity 7192K, committed 7424K, reserved 1056768K
  class space    used 610K, capacity 656K, committed 768K, reserved 1048576K
GC Heap History (10 events):
Event: 6.497 GC heap before
{Heap before GC invocations=11 (full 2):
 PSYoungGen      total 268288K, used 80881K [0x00000000eab00000, 0x0000000100000000, 0x0000000100000000)
  eden space 187392K, 0% used [0x00000000eab00000,0x00000000eab00000,0x00000000f6200000)
  from space 80896K, 99% used [0x00000000f6200000,0x00000000fb0fc6a0,0x00000000fb100000)
  to   space 80896K, 0% used [0x00000000fb100000,0x00000000fb100000,0x0000000100000000)
 ParOldGen       total 159232K, used 156655K [0x00000000c0000000, 0x00000000c9b80000, 0x00000000eab00000)
  object space 159232K, 98% used [0x00000000c0000000,0x00000000c98fbf08,0x00000000c9b80000)
 Metaspace       used 6370K, capacity 7192K, committed 7424K, reserved 1056768K
  class space    used 610K, capacity 656K, committed 768K, reserved 1048576K
Event: 6.826 GC heap after
Heap after GC invocations=11 (full 2):
 PSYoungGen      total 268288K, used 0K [0x00000000eab00000, 0x0000000100000000, 0x0000000100000000)
  eden space 187392K, 0% used [0x00000000eab00000,0x00000000eab00000,0x00000000f6200000)
  from space 80896K, 0% used [0x00000000f6200000,0x00000000f6200000,0x00000000fb100000)
  to   space 80896K, 0% used [0x00000000fb100000,0x00000000fb100000,0x0000000100000000)
 ParOldGen       total 221184K, used 109591K [0x00000000c0000000, 0x00000000cd800000, 0x00000000eab00000)
  object space 221184K, 49% used [0x00000000c0000000,0x00000000c6b05c38,0x00000000cd800000)
 Metaspace       used 6370K, capacity 7192K, committed 7424K, reserved 1056768K
  class space    used 610K, capacity 656K, committed 768K, reserved 1048576K
}
Event: 7.576 GC heap before
{Heap before GC invocations=12 (full 2):
 PSYoungGen      total 268288K, used 187392K [0x00000000eab00000, 0x0000000100000000, 0x0000000100000000)
  eden space 187392K, 100% used [0x00000000eab00000,0x00000000f6200000,0x00000000f6200000)
  from space 80896K, 0% used [0x00000000f6200000,0x00000000f6200000,0x00000000fb100000)
  to   space 80896K, 0% used [0x00000000fb100000,0x00000000fb100000,0x0000000100000000)
 ParOldGen       total 221184K, used 109591K [0x00000000c0000000, 0x00000000cd800000, 0x00000000eab00000)
  object space 221184K, 49% used [0x00000000c0000000,0x00000000c6b05c38,0x00000000cd800000)
 Metaspace       used 6381K, capacity 7192K, committed 7424K, reserved 1056768K
  class space    used 610K, capacity 656K, committed 768K, reserved 1048576K
Event: 7.628 GC heap after
Heap after GC invocations=12 (full 2):
 PSYoungGen      total 197632K, used 80872K [0x00000000eab00000, 0x0000000100000000, 0x0000000100000000)
  eden space 116736K, 0% used [0x00000000eab00000,0x00000000eab00000,0x00000000f1d00000)
  from space 80896K, 99% used [0x00000000fb100000,0x00000000ffffa370,0x0000000100000000)
  to   space 116224K, 0% used [0x00000000f1d00000,0x00000000f1d00000,0x00000000f8e80000)
 ParOldGen       total 221184K, used 132642K [0x00000000c0000000, 0x00000000cd800000, 0x00000000eab00000)
  object space 221184K, 59% used [0x00000000c0000000,0x00000000c8188930,0x00000000cd800000)
 Metaspace       used 6381K, capacity 7192K, committed 7424K, reserved 1056768K
  class space    used 610K, capacity 656K, committed 768K, reserved 1048576K
}
Event: 8.114 GC heap before
{Heap before GC invocations=13 (full 2):
 PSYoungGen      total 197632K, used 197608K [0x00000000eab00000, 0x0000000100000000, 0x0000000100000000)
  eden space 116736K, 100% used [0x00000000eab00000,0x00000000f1d00000,0x00000000f1d00000)
  from space 80896K, 99% used [0x00000000fb100000,0x00000000ffffa370,0x0000000100000000)
  to   space 116224K, 0% used [0x00000000f1d00000,0x00000000f1d00000,0x00000000f8e80000)
 ParOldGen       total 221184K, used 132642K [0x00000000c0000000, 0x00000000cd800000, 0x00000000eab00000)
  object space 221184K, 59% used [0x00000000c0000000,0x00000000c8188930,0x00000000cd800000)
 Metaspace       used 6382K, capacity 7192K, committed 7424K, reserved 1056768K
  class space    used 610K, capacity 656K, committed 768K, reserved 1048576K
Event: 8.292 GC heap after
Heap after GC invocations=13 (full 2):
 PSYoungGen      total 232960K, used 19550K [0x00000000eab00000, 0x0000000100000000, 0x0000000100000000)
  eden space 116736K, 0% used [0x00000000eab00000,0x00000000eab00000,0x00000000f1d00000)
  from space 116224K, 16% used [0x00000000f1d00000,0x00000000f3017808,0x00000000f8e80000)
  to   space 116224K, 0% used [0x00000000f8e80000,0x00000000f8e80000,0x0000000100000000)
 ParOldGen       total 221184K, used 214604K [0x00000000c0000000, 0x00000000cd800000, 0x00000000eab00000)
  object space 221184K, 97% used [0x00000000c0000000,0x00000000cd1933b0,0x00000000cd800000)
 Metaspace       used 6382K, capacity 7192K, committed 7424K, reserved 1056768K
  class space    used 610K, capacity 656K, committed 768K, reserved 1048576K
}
Event: 8.292 GC heap before
{Heap before GC invocations=14 (full 3):
 PSYoungGen      total 232960K, used 19550K [0x00000000eab00000, 0x0000000100000000, 0x0000000100000000)
  eden space 116736K, 0% used [0x00000000eab00000,0x00000000eab00000,0x00000000f1d00000)
  from space 116224K, 16% used [0x00000000f1d00000,0x00000000f3017808,0x00000000f8e80000)
  to   space 116224K, 0% used [0x00000000f8e80000,0x00000000f8e80000,0x0000000100000000)
 ParOldGen       total 221184K, used 214604K [0x00000000c0000000, 0x00000000cd800000, 0x00000000eab00000)
  object space 221184K, 97% used [0x00000000c0000000,0x00000000cd1933b0,0x00000000cd800000)
 Metaspace       used 6382K, capacity 7192K, committed 7424K, reserved 1056768K
  class space    used 610K, capacity 656K, committed 768K, reserved 1048576K
Event: 8.981 GC heap after
Heap after GC invocations=14 (full 3):
 PSYoungGen      total 232960K, used 515K [0x00000000eab00000, 0x0000000100000000, 0x0000000100000000)
  eden space 116736K, 0% used [0x00000000eab00000,0x00000000eab00000,0x00000000f1d00000)
  from space 116224K, 0% used [0x00000000f1d00000,0x00000000f1d80f70,0x00000000f8e80000)
  to   space 116224K, 0% used [0x00000000f8e80000,0x00000000f8e80000,0x0000000100000000)
 ParOldGen       total 379392K, used 220985K [0x00000000c0000000, 0x00000000d7280000, 0x00000000eab00000)
  object space 379392K, 58% used [0x00000000c0000000,0x00000000cd7ce410,0x00000000d7280000)
 Metaspace       used 6382K, capacity 7192K, committed 7424K, reserved 1056768K
  class space    used 610K, capacity 656K, committed 768K, reserved 1048576K
}
Event: 9.438 GC heap before
{Heap before GC invocations=15 (full 3):
 PSYoungGen      total 232960K, used 117251K [0x00000000eab00000, 0x0000000100000000, 0x0000000100000000)
  eden space 116736K, 100% used [0x00000000eab00000,0x00000000f1d00000,0x00000000f1d00000)
  from space 116224K, 0% used [0x00000000f1d00000,0x00000000f1d80f70,0x00000000f8e80000)
  to   space 116224K, 0% used [0x00000000f8e80000,0x00000000f8e80000,0x0000000100000000)
 ParOldGen       total 379392K, used 220985K [0x00000000c0000000, 0x00000000d7280000, 0x00000000eab00000)
  object space 379392K, 58% used [0x00000000c0000000,0x00000000cd7ce410,0x00000000d7280000)
 Metaspace       used 6398K, capacity 7192K, committed 7424K, reserved 1056768K
  class space    used 610K, capacity 656K, committed 768K, reserved 1048576K
Event: 9.537 GC heap after
Heap after GC invocations=15 (full 3):
 PSYoungGen      total 232960K, used 37816K [0x00000000eab00000, 0x0000000100000000, 0x0000000100000000)
  eden space 116736K, 0% used [0x00000000eab00000,0x00000000eab00000,0x00000000f1d00000)
  from space 116224K, 32% used [0x00000000f8e80000,0x00000000fb36e2b8,0x0000000100000000)
  to   space 116224K, 0% used [0x00000000f1d00000,0x00000000f1d00000,0x00000000f8e80000)
 ParOldGen       total 379392K, used 221289K [0x00000000c0000000, 0x00000000d7280000, 0x00000000eab00000)
  object space 379392K, 58% used [0x00000000c0000000,0x00000000cd81a410,0x00000000d7280000)
 Metaspace       used 6398K, capacity 7192K, committed 7424K, reserved 1056768K
  class space    used 610K, capacity 656K, committed 768K, reserved 1048576K
}

