# JRE version: Java(TM) SE Runtime Environment (8.0_20-b26) (build 1.8.0_20-b26)
# Java VM: Java HotSpot(TM) 64-Bit Server VM (25.20-b23 mixed mode windows-amd64 compressed oops)
Heap:
 PSYoungGen      total 232960K, used 147888K [0x00000000eab00000, 0x0000000100000000, 0x0000000100000000)
  eden space 116736K, 56% used [0x00000000eab00000,0x00000000eeb87120,0x00000000f1d00000)
  from space 116224K, 70% used [0x00000000f1d00000,0x00000000f6ce5088,0x00000000f8e80000)
  to   space 116224K, 0% used [0x00000000f8e80000,0x00000000f8e80000,0x0000000100000000)
 ParOldGen       total 328192K, used 169000K [0x00000000c0000000, 0x00000000d4080000, 0x00000000eab00000)
  object space 328192K, 51% used [0x00000000c0000000,0x00000000ca50a3a8,0x00000000d4080000)
 Metaspace       used 6399K, capacity 7256K, committed 7424K, reserved 1056768K
  class space    used 610K, capacity 656K, committed 768K, reserved 1048576K
GC Heap History (10 events):
Event: 7.094 GC heap before
{Heap before GC invocations=9 (full 1):
 PSYoungGen      total 253952K, used 252784K [0x00000000eab00000, 0x0000000100000000, 0x0000000100000000)
  eden space 185344K, 100% used [0x00000000eab00000,0x00000000f6000000,0x00000000f6000000)
  from space 68608K, 98% used [0x00000000f6000000,0x00000000fa1dc1a0,0x00000000fa300000)
  to   space 82432K, 0% used [0x00000000faf80000,0x00000000faf80000,0x0000000100000000)
 ParOldGen       total 220672K, used 103917K [0x00000000c0000000, 0x00000000cd780000, 0x00000000eab00000)
  object space 220672K, 47% used [0x00000000c0000000,0x00000000c657b748,0x00000000cd780000)
 Metaspace       used 6367K, capacity 7192K, committed 7424K, reserved 1056768K
  class space    used 610K, capacity 656K, committed 768K, reserved 1048576K
Event: 7.196 GC heap after
Heap after GC invocations=9 (full 1):
 PSYoungGen      total 199168K, used 82406K [0x00000000eab00000, 0x0000000100000000, 0x0000000100000000)
  eden space 116736K, 0% used [0x00000000eab00000,0x00000000eab00000,0x00000000f1d00000)
  from space 82432K, 99% used [0x00000000faf80000,0x00000000ffff98e8,0x0000000100000000)
  to   space 116224K, 0% used [0x00000000f1d00000,0x00000000f1d00000,0x00000000f8e80000)
 ParOldGen       total 220672K, used 175884K [0x00000000c0000000, 0x00000000cd780000, 0x00000000eab00000)
  object space 220672K, 79% used [0x00000000c0000000,0x00000000cabc3240,0x00000000cd780000)
 Metaspace       used 6367K, capacity 7192K, committed 7424K, reserved 1056768K
  class space    used 610K, capacity 656K, committed 768K, reserved 1048576K
}
Event: 7.196 GC heap before
{Heap before GC invocations=10 (full 2):
 PSYoungGen      total 199168K, used 82406K [0x00000000eab00000, 0x0000000100000000, 0x0000000100000000)
  eden space 116736K, 0% used [0x00000000eab00000,0x00000000eab00000,0x00000000f1d00000)
  from space 82432K, 99% used [0x00000000faf80000,0x00000000ffff98e8,0x0000000100000000)
  to   space 116224K, 0% used [0x00000000f1d00000,0x00000000f1d00000,0x00000000f8e80000)
 ParOldGen       total 220672K, used 175884K [0x00000000c0000000, 0x00000000cd780000, 0x00000000eab00000)
  object space 220672K, 79% used [0x00000000c0000000,0x00000000cabc3240,0x00000000cd780000)
 Metaspace       used 6367K, capacity 7192K, committed 7424K, reserved 1056768K
  class space    used 610K, capacity 656K, committed 768K, reserved 1048576K
Event: 7.600 GC heap after
Heap after GC invocations=10 (full 2):
 PSYoungGen      total 199168K, used 0K [0x00000000eab00000, 0x0000000100000000, 0x0000000100000000)
  eden space 116736K, 0% used [0x00000000eab00000,0x00000000eab00000,0x00000000f1d00000)
  from space 82432K, 0% used [0x00000000faf80000,0x00000000faf80000,0x0000000100000000)
  to   space 116224K, 0% used [0x00000000f1d00000,0x00000000f1d00000,0x00000000f8e80000)
 ParOldGen       total 328192K, used 169000K [0x00000000c0000000, 0x00000000d4080000, 0x00000000eab00000)
  object space 328192K, 51% used [0x00000000c0000000,0x00000000ca50a3a8,0x00000000d4080000)
 Metaspace       used 6367K, capacity 7192K, committed 7424K, reserved 1056768K
  class space    used 610K, capacity 656K, committed 768K, reserved 1048576K
}
Event: 7.777 GC heap before
{Heap before GC invocations=11 (full 2):
 PSYoungGen      total 199168K, used 116736K [0x00000000eab00000, 0x0000000100000000, 0x0000000100000000)
  eden space 116736K, 100% used [0x00000000eab00000,0x00000000f1d00000,0x00000000f1d00000)
  from space 82432K, 0% used [0x00000000faf80000,0x00000000faf80000,0x0000000100000000)
  to   space 116224K, 0% used [0x00000000f1d00000,0x00000000f1d00000,0x00000000f8e80000)
 ParOldGen       total 328192K, used 169000K [0x00000000c0000000, 0x00000000d4080000, 0x00000000eab00000)
  object space 328192K, 51% used [0x00000000c0000000,0x00000000ca50a3a8,0x00000000d4080000)
 Metaspace       used 6371K, capacity 7192K, committed 7424K, reserved 1056768K
  class space    used 610K, capacity 656K, committed 768K, reserved 1048576K
Event: 7.802 GC heap after
Heap after GC invocations=11 (full 2):
 PSYoungGen      total 232960K, used 46166K [0x00000000eab00000, 0x0000000100000000, 0x0000000100000000)
  eden space 116736K, 0% used [0x00000000eab00000,0x00000000eab00000,0x00000000f1d00000)
  from space 116224K, 39% used [0x00000000f1d00000,0x00000000f4a159f0,0x00000000f8e80000)
  to   space 116224K, 0% used [0x00000000f8e80000,0x00000000f8e80000,0x0000000100000000)
 ParOldGen       total 328192K, used 169000K [0x00000000c0000000, 0x00000000d4080000, 0x00000000eab00000)
  object space 328192K, 51% used [0x00000000c0000000,0x00000000ca50a3a8,0x00000000d4080000)
 Metaspace       used 6371K, capacity 7192K, committed 7424K, reserved 1056768K
  class space    used 610K, capacity 656K, committed 768K, reserved 1048576K
}
Event: 8.134 GC heap before
{Heap before GC invocations=12 (full 2):
 PSYoungGen      total 232960K, used 162902K [0x00000000eab00000, 0x0000000100000000, 0x0000000100000000)
  eden space 116736K, 100% used [0x00000000eab00000,0x00000000f1d00000,0x00000000f1d00000)
  from space 116224K, 39% used [0x00000000f1d00000,0x00000000f4a159f0,0x00000000f8e80000)
  to   space 116224K, 0% used [0x00000000f8e80000,0x00000000f8e80000,0x0000000100000000)
 ParOldGen       total 328192K, used 169000K [0x00000000c0000000, 0x00000000d4080000, 0x00000000eab00000)
  object space 328192K, 51% used [0x00000000c0000000,0x00000000ca50a3a8,0x00000000d4080000)
 Metaspace       used 6384K, capacity 7192K, committed 7424K, reserved 1056768K
  class space    used 610K, capacity 656K, committed 768K, reserved 1048576K
Event: 8.188 GC heap after
Heap after GC invocations=12 (full 2):
 PSYoungGen      total 232960K, used 68417K [0x00000000eab00000, 0x0000000100000000, 0x0000000100000000)
  eden space 116736K, 0% used [0x00000000eab00000,0x00000000eab00000,0x00000000f1d00000)
  from space 116224K, 58% used [0x00000000f8e80000,0x00000000fd150700,0x0000000100000000)
  to   space 116224K, 0% used [0x00000000f1d00000,0x00000000f1d00000,0x00000000f8e80000)
 ParOldGen       total 328192K, used 169000K [0x00000000c0000000, 0x00000000d4080000, 0x00000000eab00000)
  object space 328192K, 51% used [0x00000000c0000000,0x00000000ca50a3a8,0x00000000d4080000)
 Metaspace       used 6384K, capacity 7192K, committed 7424K, reserved 1056768K
  class space    used 610K, capacity 656K, committed 768K, reserved 1048576K
}
Event: 8.771 GC heap before
{Heap before GC invocations=13 (full 2):
 PSYoungGen      total 232960K, used 185153K [0x00000000eab00000, 0x0000000100000000, 0x0000000100000000)
  eden space 116736K, 100% used [0x00000000eab00000,0x00000000f1d00000,0x00000000f1d00000)
  from space 116224K, 58% used [0x00000000f8e80000,0x00000000fd150700,0x0000000100000000)
  to   space 116224K, 0% used [0x00000000f1d00000,0x00000000f1d00000,0x00000000f8e80000)
 ParOldGen       total 328192K, used 169000K [0x00000000c0000000, 0x00000000d4080000, 0x00000000eab00000)
  object space 328192K, 51% used [0x00000000c0000000,0x00000000ca50a3a8,0x00000000d4080000)
 Metaspace       used 6399K, capacity 7256K, committed 7424K, reserved 1056768K
  class space    used 610K, capacity 656K, committed 768K, reserved 1048576K
Event: 8.945 GC heap after
Heap after GC invocations=13 (full 2):
 PSYoungGen      total 232960K, used 81812K [0x00000000eab00000, 0x0000000100000000, 0x0000000100000000)
  eden space 116736K, 0% used [0x00000000eab00000,0x00000000eab00000,0x00000000f1d00000)
  from space 116224K, 70% used [0x00000000f1d00000,0x00000000f6ce5088,0x00000000f8e80000)
  to   space 116224K, 0% used [0x00000000f8e80000,0x00000000f8e80000,0x0000000100000000)
 ParOldGen       total 328192K, used 169000K [0x00000000c0000000, 0x00000000d4080000, 0x00000000eab00000)
  object space 328192K, 51% used [0x00000000c0000000,0x00000000ca50a3a8,0x00000000d4080000)
 Metaspace       used 6399K, capacity 7256K, committed 7424K, reserved 1056768K
  class space    used 610K, capacity 656K, committed 768K, reserved 1048576K
}

